<?xml version="1.0" encoding="UTF-8"?>
<!-- Generated by org.testng.reporters.JUnitReportReporter -->
<testsuite hostname="3520dell" failures="0" tests="4" name="reports.dataproviderTest" time="59.829" errors="0" timestamp="2024-11-08T13:06:58 IST" skipped="0">
  <testcase classname="reports.dataproviderTest" name="loginTest" time="33.918"/>
  <system-out/>
  <testcase classname="reports.dataproviderTest" name="loginTest" time="13.305"/>
  <system-out/>
  <testcase classname="reports.dataproviderTest" name="loginTest" time="6.072"/>
  <system-out/>
  <testcase classname="reports.dataproviderTest" name="loginTest" time="6.534"/>
  <system-out/>
</testsuite> <!-- reports.dataproviderTest -->
