<?xml version="1.0" encoding="UTF-8"?>
<!-- Generated by org.testng.reporters.JUnitReportReporter -->
<testsuite hostname="3520dell" failures="0" tests="3" name="groupexecution.test3" time="0.039" errors="0" timestamp="2024-11-06T12:12:51 IST" skipped="0">
  <testcase classname="groupexecution.test3" name="demo2" time="0.005"/>
  <system-out>
    <![CDATA[test1-demo2-sanity]]>
  </system-out>
  <testcase classname="groupexecution.test3" name="demo1" time="0.029"/>
  <system-out>
    <![CDATA[test1-demo1-regression]]>
  </system-out>
  <testcase classname="groupexecution.test3" name="demo3" time="0.005"/>
  <system-out>
    <![CDATA[test1-demo3-regression and sanity]]>
  </system-out>
</testsuite> <!-- groupexecution.test3 -->
