<?xml version="1.0" encoding="UTF-8"?>
<!-- Generated by org.testng.reporters.JUnitReportReporter -->
<testsuite hostname="3520dell" failures="0" tests="2" name="groupexecution.test2" time="0.018" errors="0" timestamp="2024-11-06T12:27:27 IST" skipped="0">
  <testcase classname="groupexecution.test2" name="demo1" time="0.016"/>
  <system-out>
    <![CDATA[test2-demo1-smoke]]>
  </system-out>
  <testcase classname="groupexecution.test2" name="demo3" time="0.002"/>
  <system-out>
    <![CDATA[test1-demo3-smoke and regression]]>
  </system-out>
</testsuite> <!-- groupexecution.test2 -->
