<?xml version="1.0" encoding="UTF-8"?>
<!-- Generated by org.testng.reporters.JUnitReportReporter -->
<testsuite hostname="3520dell" failures="0" tests="2" name="distributedparallel.test5" time="0.007" errors="0" timestamp="2024-11-08T13:12:04 IST" skipped="0">
  <testcase classname="distributedparallel.test5" name="demo" time="0.004"/>
  <system-out/>
  <testcase classname="distributedparallel.test5" name="demo2" time="0.003"/>
  <system-out/>
</testsuite> <!-- distributedparallel.test5 -->
