<?xml version="1.0" encoding="UTF-8"?>
<!-- Generated by org.testng.reporters.JUnitReportReporter -->
<testsuite hostname="3520dell" failures="0" tests="2" name="distributedparallel.test6" time="0.021" errors="0" timestamp="2024-11-08T13:12:04 IST" skipped="0">
  <testcase classname="distributedparallel.test6" name="demo" time="0.017"/>
  <system-out/>
  <testcase classname="distributedparallel.test6" name="demo2" time="0.004"/>
  <system-out/>
</testsuite> <!-- distributedparallel.test6 -->
