<?xml version="1.0" encoding="UTF-8"?>
<!-- Generated by org.testng.reporters.JUnitReportReporter -->
<testsuite hostname="3520dell" failures="0" tests="1" name="testNG.sampletest" time="0.003" errors="0" timestamp="2024-11-06T12:27:06 IST" skipped="0">
  <testcase classname="testNG.sampletest" name="demo" time="0.003"/>
  <system-out>
    <![CDATA[hello world]]>
  </system-out>
</testsuite> <!-- testNG.sampletest -->
