<?xml version="1.0" encoding="UTF-8"?>
<!-- Generated by org.testng.reporters.JUnitReportReporter -->
<testsuite hostname="3520dell" failures="0" tests="3" name="testNG.dependson" time="0.006" errors="0" timestamp="2024-11-06T12:27:06 IST" skipped="0">
  <testcase classname="testNG.dependson" name="regestrationtest" time="0.002"/>
  <system-out>
    <![CDATA[register to app]]>
  </system-out>
  <testcase classname="testNG.dependson" name="updateprofiletest" time="0.002"/>
  <system-out>
    <![CDATA[update the profile]]>
  </system-out>
  <testcase classname="testNG.dependson" name="logintest" time="0.002"/>
  <system-out>
    <![CDATA[login to app]]>
  </system-out>
</testsuite> <!-- testNG.dependson -->
