<?xml version="1.0" encoding="UTF-8"?>
<!-- Generated by org.testng.reporters.JUnitReportReporter -->
<testsuite hostname="3520dell" failures="0" tests="15" name="testNG.enabledtest" time="0.069" errors="0" timestamp="2024-11-06T12:27:06 IST" skipped="1">
  <testcase classname="testNG.enabledtest" name="demo3" time="0.002"/>
  <system-out>
    <![CDATA[demo3]]>
  </system-out>
  <testcase classname="testNG.enabledtest" name="demo4" time="0.002"/>
  <system-out>
    <![CDATA[demo4]]>
  </system-out>
  <testcase classname="testNG.enabledtest" name="demo4" time="0.003"/>
  <system-out>
    <![CDATA[demo4]]>
  </system-out>
  <testcase classname="testNG.enabledtest" name="demo3" time="0.030"/>
  <system-out>
    <![CDATA[demo3]]>
  </system-out>
  <testcase classname="testNG.enabledtest" name="demo6" time="0.002"/>
  <system-out>
    <![CDATA[demo6]]>
  </system-out>
  <testcase classname="testNG.enabledtest" name="demo3" time="0.002"/>
  <system-out>
    <![CDATA[demo3]]>
  </system-out>
  <testcase classname="testNG.enabledtest" name="demo4" time="0.004"/>
  <system-out>
    <![CDATA[demo4]]>
  </system-out>
  <testcase classname="testNG.enabledtest" name="demo3" time="0.001"/>
  <system-out>
    <![CDATA[demo3]]>
  </system-out>
  <testcase classname="testNG.enabledtest" name="demo7" time="0.002"/>
  <system-out>
    <![CDATA[demo7]]>
  </system-out>
  <testcase classname="testNG.enabledtest" name="demo7" time="0.002"/>
  <system-out>
    <![CDATA[demo7]]>
  </system-out>
  <testcase classname="testNG.enabledtest" name="demo4" time="0.002"/>
  <system-out>
    <![CDATA[demo4]]>
  </system-out>
  <testcase classname="testNG.enabledtest" name="demo4" time="0.002"/>
  <system-out>
    <![CDATA[demo4]]>
  </system-out>
  <testcase classname="testNG.enabledtest" name="demo3" time="0.014"/>
  <system-out>
    <![CDATA[demo3]]>
  </system-out>
  <testcase classname="testNG.enabledtest" name="demo3" time="0.001"/>
  <system-out>
    <![CDATA[demo3]]>
  </system-out>
  <testcase classname="testNG.enabledtest" name="demo1">
    <skipped/>
  </testcase> <!-- demo1 -->
  <system-out/>
</testsuite> <!-- testNG.enabledtest -->
