<?xml version="1.0" encoding="UTF-8"?>
<!-- Generated by org.testng.reporters.JUnitReportReporter -->
<testsuite hostname="3520dell" failures="0" tests="1" name="distributedparallel.test4" time="0.014" errors="0" timestamp="2024-11-08T13:14:07 IST" skipped="0">
  <testcase classname="distributedparallel.test4" name="demo2" time="0.014"/>
  <system-out/>
</testsuite> <!-- distributedparallel.test4 -->
