<?xml version="1.0" encoding="UTF-8"?>
<!-- Generated by org.testng.reporters.JUnitReportReporter -->
<testsuite hostname="3520dell" failures="0" tests="1" name="groupexecution.test1" time="0.001" errors="0" timestamp="2024-11-06T12:27:27 IST" skipped="0">
  <testcase classname="groupexecution.test1" name="demo1" time="0.001"/>
  <system-out>
    <![CDATA[test1-demo1-smoke]]>
  </system-out>
</testsuite> <!-- groupexecution.test1 -->
