<?xml version="1.0" encoding="UTF-8"?>
<!-- Generated by org.testng.reporters.JUnitReportReporter -->
<testsuite hostname="3520dell" failures="0" tests="5" name="testNG.prioritizetest" time="0.012" errors="0" timestamp="2024-11-06T12:27:06 IST" skipped="0">
  <testcase classname="testNG.prioritizetest" name="demo1" time="0.002"/>
  <system-out>
    <![CDATA[demo1]]>
  </system-out>
  <testcase classname="testNG.prioritizetest" name="demo4" time="0.004"/>
  <system-out>
    <![CDATA[demo4]]>
  </system-out>
  <testcase classname="testNG.prioritizetest" name="demo2" time="0.002"/>
  <system-out>
    <![CDATA[demo2]]>
  </system-out>
  <testcase classname="testNG.prioritizetest" name="demo3" time="0.002"/>
  <system-out>
    <![CDATA[demo3]]>
  </system-out>
  <testcase classname="testNG.prioritizetest" name="demo5" time="0.002"/>
  <system-out>
    <![CDATA[demo5]]>
  </system-out>
</testsuite> <!-- testNG.prioritizetest -->
