<?xml version="1.0" encoding="UTF-8"?>
<!-- Generated by org.testng.reporters.JUnitReportReporter -->
<testsuite hostname="3520dell" failures="0" tests="1" name="assertions.whyNotIfElse" time="0.012" errors="0" timestamp="2024-11-08T11:58:06 IST" skipped="0">
  <testcase classname="assertions.whyNotIfElse" name="demo" time="0.012"/>
  <system-out/>
</testsuite> <!-- assertions.whyNotIfElse -->
